# JRE version: OpenJDK Runtime Environment (15.0.2+7) (build 15.0.2+7-27)
# Java VM: OpenJDK 64-Bit Server VM (15.0.2+7-27, mixed mode, sharing, tiered, compressed oops, g1 gc, windows-amd64)
GC Precious Log:
 CPUs: 12 total, 12 available
 Memory: 16234M
 Large Page Support: Disabled
 NUMA Support: Disabled
 Compressed Oops: Enabled (Zero based)
 Heap Region Size: 2M
 Heap Min Capacity: 8M
 Heap Initial Capacity: 254M
 Heap Max Capacity: 4060M
 Pre-touch: Disabled
 Parallel Workers: 10
 Concurrent Workers: 3
 Concurrent Refinement Workers: 10
 Periodic GC: Disabled
Heap:
 garbage-first heap   total 86016K, used 55001K [0x0000000702400000, 0x0000000800000000)
  region size 2048K, 12 young (24576K), 1 survivors (2048K)
 Metaspace       used 67594K, capacity 68383K, committed 68432K, reserved 1107968K
  class space    used 8954K, capacity 9216K, committed 9216K, reserved 1048576K
GC Heap History (20 events):
Event: 2.144 GC heap before
{Heap before GC invocations=7 (full 0):
 garbage-first heap   total 86016K, used 62017K [0x0000000702400000, 0x0000000800000000)
  region size 2048K, 23 young (47104K), 1 survivors (2048K)
 Metaspace       used 27321K, capacity 27736K, committed 27824K, reserved 1073152K
  class space    used 3602K, capacity 3767K, committed 3840K, reserved 1048576K
}
Event: 2.145 GC heap after
{Heap after GC invocations=8 (full 0):
 garbage-first heap   total 86016K, used 17985K [0x0000000702400000, 0x0000000800000000)
  region size 2048K, 1 young (2048K), 1 survivors (2048K)
 Metaspace       used 27321K, capacity 27736K, committed 27824K, reserved 1073152K
  class space    used 3602K, capacity 3767K, committed 3840K, reserved 1048576K
}
Event: 2.563 GC heap before
{Heap before GC invocations=8 (full 0):
 garbage-first heap   total 86016K, used 60993K [0x0000000702400000, 0x0000000800000000)
  region size 2048K, 23 young (47104K), 1 survivors (2048K)
 Metaspace       used 35302K, capacity 35774K, committed 35920K, reserved 1081344K
  class space    used 4625K, capacity 4781K, committed 4864K, reserved 1048576K
}
Event: 2.566 GC heap after
{Heap after GC invocations=9 (full 0):
 garbage-first heap   total 86016K, used 21777K [0x0000000702400000, 0x0000000800000000)
  region size 2048K, 3 young (6144K), 3 survivors (6144K)
 Metaspace       used 35302K, capacity 35774K, committed 35920K, reserved 1081344K
  class space    used 4625K, capacity 4781K, committed 4864K, reserved 1048576K
}
Event: 2.735 GC heap before
{Heap before GC invocations=10 (full 0):
 garbage-first heap   total 86016K, used 62737K [0x0000000702400000, 0x0000000800000000)
  region size 2048K, 23 young (47104K), 3 survivors (6144K)
 Metaspace       used 38627K, capacity 39206K, committed 39344K, reserved 1083392K
  class space    used 5101K, capacity 5277K, committed 5376K, reserved 1048576K
}
Event: 2.738 GC heap after
{Heap after GC invocations=11 (full 0):
 garbage-first heap   total 86016K, used 23041K [0x0000000702400000, 0x0000000800000000)
  region size 2048K, 1 young (2048K), 1 survivors (2048K)
 Metaspace       used 38627K, capacity 39206K, committed 39344K, reserved 1083392K
  class space    used 5101K, capacity 5277K, committed 5376K, reserved 1048576K
}
Event: 3.100 GC heap before
{Heap before GC invocations=12 (full 0):
 garbage-first heap   total 86016K, used 61953K [0x0000000702400000, 0x0000000800000000)
  region size 2048K, 21 young (43008K), 1 survivors (2048K)
 Metaspace       used 45893K, capacity 46489K, committed 46640K, reserved 1089536K
  class space    used 6235K, capacity 6440K, committed 6528K, reserved 1048576K
}
Event: 3.103 GC heap after
{Heap after GC invocations=13 (full 0):
 garbage-first heap   total 86016K, used 24361K [0x0000000702400000, 0x0000000800000000)
  region size 2048K, 2 young (4096K), 2 survivors (4096K)
 Metaspace       used 45893K, capacity 46489K, committed 46640K, reserved 1089536K
  class space    used 6235K, capacity 6440K, committed 6528K, reserved 1048576K
}
Event: 3.500 GC heap before
{Heap before GC invocations=13 (full 0):
 garbage-first heap   total 86016K, used 63273K [0x0000000702400000, 0x0000000800000000)
  region size 2048K, 21 young (43008K), 2 survivors (4096K)
 Metaspace       used 51719K, capacity 52309K, committed 52400K, reserved 1095680K
  class space    used 6971K, capacity 7159K, committed 7168K, reserved 1048576K
}
Event: 3.503 GC heap after
{Heap after GC invocations=14 (full 0):
 garbage-first heap   total 86016K, used 26379K [0x0000000702400000, 0x0000000800000000)
  region size 2048K, 3 young (6144K), 3 survivors (6144K)
 Metaspace       used 51719K, capacity 52309K, committed 52400K, reserved 1095680K
  class space    used 6971K, capacity 7159K, committed 7168K, reserved 1048576K
}
Event: 3.785 GC heap before
{Heap before GC invocations=14 (full 0):
 garbage-first heap   total 86016K, used 63243K [0x0000000702400000, 0x0000000800000000)
  region size 2048K, 21 young (43008K), 3 survivors (6144K)
 Metaspace       used 53920K, capacity 54534K, committed 54576K, reserved 1095680K
  class space    used 7296K, capacity 7527K, committed 7552K, reserved 1048576K
}
Event: 3.789 GC heap after
{Heap after GC invocations=15 (full 0):
 garbage-first heap   total 86016K, used 28661K [0x0000000702400000, 0x0000000800000000)
  region size 2048K, 3 young (6144K), 3 survivors (6144K)
 Metaspace       used 53920K, capacity 54534K, committed 54576K, reserved 1095680K
  class space    used 7296K, capacity 7527K, committed 7552K, reserved 1048576K
}
Event: 4.113 GC heap before
{Heap before GC invocations=15 (full 0):
 garbage-first heap   total 86016K, used 63477K [0x0000000702400000, 0x0000000800000000)
  region size 2048K, 20 young (40960K), 3 survivors (6144K)
 Metaspace       used 57065K, capacity 57746K, committed 57904K, reserved 1099776K
  class space    used 7744K, capacity 7973K, committed 8064K, reserved 1048576K
}
Event: 4.118 GC heap after
{Heap after GC invocations=16 (full 0):
 garbage-first heap   total 86016K, used 31751K [0x0000000702400000, 0x0000000800000000)
  region size 2048K, 3 young (6144K), 3 survivors (6144K)
 Metaspace       used 57065K, capacity 57746K, committed 57904K, reserved 1099776K
  class space    used 7744K, capacity 7973K, committed 8064K, reserved 1048576K
}
Event: 12.376 GC heap before
{Heap before GC invocations=16 (full 0):
 garbage-first heap   total 86016K, used 62471K [0x0000000702400000, 0x0000000800000000)
  region size 2048K, 19 young (38912K), 3 survivors (6144K)
 Metaspace       used 62653K, capacity 63439K, committed 63792K, reserved 1103872K
  class space    used 8463K, capacity 8725K, committed 8832K, reserved 1048576K
}
Event: 12.381 GC heap after
{Heap after GC invocations=17 (full 0):
 garbage-first heap   total 86016K, used 33988K [0x0000000702400000, 0x0000000800000000)
  region size 2048K, 2 young (4096K), 2 survivors (4096K)
 Metaspace       used 62653K, capacity 63439K, committed 63792K, reserved 1103872K
  class space    used 8463K, capacity 8725K, committed 8832K, reserved 1048576K
}
Event: 17.389 GC heap before
{Heap before GC invocations=17 (full 0):
 garbage-first heap   total 86016K, used 54468K [0x0000000702400000, 0x0000000800000000)
  region size 2048K, 13 young (26624K), 2 survivors (4096K)
 Metaspace       used 65144K, capacity 65863K, committed 66000K, reserved 1105920K
  class space    used 8762K, capacity 9020K, committed 9088K, reserved 1048576K
}
Event: 17.392 GC heap after
{Heap after GC invocations=18 (full 0):
 garbage-first heap   total 86016K, used 36139K [0x0000000702400000, 0x0000000800000000)
  region size 2048K, 3 young (6144K), 3 survivors (6144K)
 Metaspace       used 65144K, capacity 65863K, committed 66000K, reserved 1105920K
  class space    used 8762K, capacity 9020K, committed 9088K, reserved 1048576K
}
Event: 28.521 GC heap before
{Heap before GC invocations=19 (full 0):
 garbage-first heap   total 86016K, used 60715K [0x0000000702400000, 0x0000000800000000)
  region size 2048K, 16 young (32768K), 3 survivors (6144K)
 Metaspace       used 67300K, capacity 68147K, committed 68432K, reserved 1107968K
  class space    used 8914K, capacity 9182K, committed 9216K, reserved 1048576K
}
Event: 28.524 GC heap after
{Heap after GC invocations=20 (full 0):
 garbage-first heap   total 86016K, used 36569K [0x0000000702400000, 0x0000000800000000)
  region size 2048K, 1 young (2048K), 1 survivors (2048K)
 Metaspace       used 67300K, capacity 68147K, committed 68432K, reserved 1107968K
  class space    used 8914K, capacity 9182K, committed 9216K, reserved 1048576K
}

